30-Nov-2023 10:51:39.793 INFO [main] org.apache.catalina.startup.VersionLoggerListener.log Server version name:   Apache Tomcat/8.5.87
30-Nov-2023 10:51:39.793 INFO [main] org.apache.catalina.startup.VersionLoggerListener.log Server built:          Feb 27 2023 19:32:33 UTC
30-Nov-2023 10:51:39.793 INFO [main] org.apache.catalina.startup.VersionLoggerListener.log Server version number: 8.5.87.0
30-Nov-2023 10:51:39.809 INFO [main] org.apache.catalina.startup.VersionLoggerListener.log OS Name:               Windows 11
30-Nov-2023 10:51:39.809 INFO [main] org.apache.catalina.startup.VersionLoggerListener.log OS Version:            10.0
30-Nov-2023 10:51:39.809 INFO [main] org.apache.catalina.startup.VersionLoggerListener.log Architecture:          amd64
30-Nov-2023 10:51:39.809 INFO [main] org.apache.catalina.startup.VersionLoggerListener.log Java Home:             C:\Program Files\Java\jdk-21
30-Nov-2023 10:51:39.809 INFO [main] org.apache.catalina.startup.VersionLoggerListener.log JVM Version:           21.0.1+12-LTS-29
30-Nov-2023 10:51:39.809 INFO [main] org.apache.catalina.startup.VersionLoggerListener.log JVM Vendor:            Oracle Corporation
30-Nov-2023 10:51:39.809 INFO [main] org.apache.catalina.startup.VersionLoggerListener.log CATALINA_BASE:         D:\xampp\tomcat
30-Nov-2023 10:51:39.809 INFO [main] org.apache.catalina.startup.VersionLoggerListener.log CATALINA_HOME:         D:\xampp\tomcat
30-Nov-2023 10:51:39.825 INFO [main] org.apache.catalina.startup.VersionLoggerListener.log Command line argument: --add-opens=java.base/java.lang=ALL-UNNAMED
30-Nov-2023 10:51:39.825 INFO [main] org.apache.catalina.startup.VersionLoggerListener.log Command line argument: --add-opens=java.base/java.io=ALL-UNNAMED
30-Nov-2023 10:51:39.825 INFO [main] org.apache.catalina.startup.VersionLoggerListener.log Command line argument: --add-opens=java.base/java.util=ALL-UNNAMED
30-Nov-2023 10:51:39.825 INFO [main] org.apache.catalina.startup.VersionLoggerListener.log Command line argument: --add-opens=java.base/java.util.concurrent=ALL-UNNAMED
30-Nov-2023 10:51:39.825 INFO [main] org.apache.catalina.startup.VersionLoggerListener.log Command line argument: --add-opens=java.rmi/sun.rmi.transport=ALL-UNNAMED
30-Nov-2023 10:51:39.825 INFO [main] org.apache.catalina.startup.VersionLoggerListener.log Command line argument: -Djava.util.logging.config.file=D:\xampp\tomcat\conf\logging.properties
30-Nov-2023 10:51:39.825 INFO [main] org.apache.catalina.startup.VersionLoggerListener.log Command line argument: -Djava.util.logging.manager=org.apache.juli.ClassLoaderLogManager
30-Nov-2023 10:51:39.825 INFO [main] org.apache.catalina.startup.VersionLoggerListener.log Command line argument: -Djdk.tls.ephemeralDHKeySize=2048
30-Nov-2023 10:51:39.825 INFO [main] org.apache.catalina.startup.VersionLoggerListener.log Command line argument: -Djava.protocol.handler.pkgs=org.apache.catalina.webresources
30-Nov-2023 10:51:39.825 INFO [main] org.apache.catalina.startup.VersionLoggerListener.log Command line argument: -Dignore.endorsed.dirs=
30-Nov-2023 10:51:39.825 INFO [main] org.apache.catalina.startup.VersionLoggerListener.log Command line argument: -Dcatalina.base=D:\xampp\tomcat
30-Nov-2023 10:51:39.825 INFO [main] org.apache.catalina.startup.VersionLoggerListener.log Command line argument: -Dcatalina.home=D:\xampp\tomcat
30-Nov-2023 10:51:39.825 INFO [main] org.apache.catalina.startup.VersionLoggerListener.log Command line argument: -Djava.io.tmpdir=D:\xampp\tomcat\temp
30-Nov-2023 10:51:39.825 INFO [main] org.apache.catalina.core.AprLifecycleListener.lifecycleEvent The Apache Tomcat Native library which allows using OpenSSL was not found on the java.library.path: [C:\Program Files\Java\jdk-21\bin;C:\Windows\Sun\Java\bin;C:\Windows\system32;C:\Windows;C:\Program Files (x86)\Common Files\Oracle\Java\javapath;C:\Python312\Scripts\;C:\Python312\;C:\Windows\system32;C:\Windows;C:\Windows\System32\Wbem;C:\Windows\System32\WindowsPowerShell\v1.0\;C:\Windows\System32\OpenSSH\;C:\Program Files\Git\cmd;C:\composer;C:\Program Files\nodejs\;C:\ProgramData\chocolatey\bin;C:\Program Files\Java\jdk-11\bin;C:\Users\ASUS\AppData\Local\Microsoft\WindowsApps;C:\Users\ASUS\AppData\Local\Programs\Microsoft VS Code\bin;C:\Users\ASUS\AppData\Roaming\Composer\vendor\bin;C:\xampp1\php;C:\Users\ASUS\AppData\Roaming\npm;;.]
30-Nov-2023 10:51:39.965 INFO [main] org.apache.coyote.AbstractProtocol.init Initializing ProtocolHandler ["http-nio-8080"]
30-Nov-2023 10:51:40.715 INFO [main] org.apache.catalina.startup.Catalina.load Initialization processed in 3407 ms
30-Nov-2023 10:51:40.996 INFO [main] org.apache.catalina.core.StandardService.startInternal Starting service [Catalina]
30-Nov-2023 10:51:40.996 INFO [main] org.apache.catalina.core.StandardEngine.startInternal Starting Servlet engine: [Apache Tomcat/8.5.87]
30-Nov-2023 10:51:41.059 INFO [localhost-startStop-1] org.apache.catalina.startup.HostConfig.deployDirectory Deploying web application directory [D:\xampp\tomcat\webapps\docs]
30-Nov-2023 10:51:42.542 INFO [localhost-startStop-1] org.apache.catalina.startup.HostConfig.deployDirectory Deployment of web application directory [D:\xampp\tomcat\webapps\docs] has finished in [1,468] ms
30-Nov-2023 10:51:42.542 INFO [localhost-startStop-1] org.apache.catalina.startup.HostConfig.deployDirectory Deploying web application directory [D:\xampp\tomcat\webapps\examples]
30-Nov-2023 10:51:44.432 INFO [localhost-startStop-1] org.apache.catalina.startup.HostConfig.deployDirectory Deployment of web application directory [D:\xampp\tomcat\webapps\examples] has finished in [1,890] ms
30-Nov-2023 10:51:44.432 INFO [localhost-startStop-1] org.apache.catalina.startup.HostConfig.deployDirectory Deploying web application directory [D:\xampp\tomcat\webapps\host-manager]
30-Nov-2023 10:51:44.542 INFO [localhost-startStop-1] org.apache.catalina.startup.HostConfig.deployDirectory Deployment of web application directory [D:\xampp\tomcat\webapps\host-manager] has finished in [110] ms
30-Nov-2023 10:51:44.542 INFO [localhost-startStop-1] org.apache.catalina.startup.HostConfig.deployDirectory Deploying web application directory [D:\xampp\tomcat\webapps\manager]
30-Nov-2023 10:51:44.636 INFO [localhost-startStop-1] org.apache.catalina.startup.HostConfig.deployDirectory Deployment of web application directory [D:\xampp\tomcat\webapps\manager] has finished in [94] ms
30-Nov-2023 10:51:44.636 INFO [localhost-startStop-1] org.apache.catalina.startup.HostConfig.deployDirectory Deploying web application directory [D:\xampp\tomcat\webapps\ROOT]
30-Nov-2023 10:51:44.776 INFO [localhost-startStop-1] org.apache.catalina.startup.HostConfig.deployDirectory Deployment of web application directory [D:\xampp\tomcat\webapps\ROOT] has finished in [140] ms
30-Nov-2023 10:51:44.792 INFO [main] org.apache.coyote.AbstractProtocol.start Starting ProtocolHandler ["http-nio-8080"]
30-Nov-2023 10:51:44.870 INFO [main] org.apache.catalina.startup.Catalina.start Server startup in 4142 ms
30-Nov-2023 10:52:11.056 INFO [main] org.apache.catalina.core.StandardServer.await A valid shutdown command was received via the shutdown port. Stopping the Server instance.
30-Nov-2023 10:52:11.056 INFO [main] org.apache.coyote.AbstractProtocol.pause Pausing ProtocolHandler ["http-nio-8080"]
30-Nov-2023 10:52:11.072 INFO [main] org.apache.catalina.core.StandardService.stopInternal Stopping service [Catalina]
30-Nov-2023 10:52:11.134 INFO [main] org.apache.coyote.AbstractProtocol.stop Stopping ProtocolHandler ["http-nio-8080"]
30-Nov-2023 10:52:11.150 INFO [main] org.apache.coyote.AbstractProtocol.destroy Destroying ProtocolHandler ["http-nio-8080"]
