09:36:01  [main] 	Initializing Control Panel
09:36:01  [main] 	Windows Version:  Home  64-bit
09:36:01  [main] 	XAMPP Version: 8.0.28
09:36:01  [main] 	Control Panel Version: 3.3.0  [ Compiled: Apr 6th 2021 ]
09:36:01  [main] 	You are not running with administrator rights! This will work for
09:36:01  [main] 	most application stuff but whenever you do something with services
09:36:01  [main] 	there will be a security dialogue or things will break! So think 
09:36:01  [main] 	about running this application with administrator rights!
09:36:01  [main] 	XAMPP Installation Directory: "d:\xampp\"
09:36:01  [main] 	Checking for prerequisites
09:36:03  [main] 	All prerequisites found
09:36:03  [main] 	Initializing Modules
09:36:03  [main] 	Starting Check-Timer
09:36:03  [main] 	Control Panel Ready
09:36:07  [Apache] 	Attempting to start Apache app...
09:36:07  [Apache] 	Status change detected: running
09:36:14  [mysql] 	Attempting to start MySQL app...
09:36:15  [mysql] 	Status change detected: running
09:36:18  [mysql] 	Status change detected: stopped
09:36:18  [mysql] 	Error: MySQL shutdown unexpectedly.
09:36:18  [mysql] 	This may be due to a blocked port, missing dependencies, 
09:36:18  [mysql] 	improper privileges, a crash, or a shutdown by another method.
09:36:18  [mysql] 	Press the Logs button to view error logs and check
09:36:18  [mysql] 	the Windows Event Viewer for more clues
09:36:18  [mysql] 	If you need more help, copy and post this
09:36:18  [mysql] 	entire log window on the forums
09:36:20  [mysql] 	Attempting to start MySQL app...
09:36:20  [mysql] 	Status change detected: running
18:34:33  [Apache] 	Attempting to stop Apache (PID: 6256)
18:34:33  [Apache] 	Attempting to stop Apache (PID: 4440)
18:34:33  [Apache] 	Status change detected: stopped
18:34:33  [mysql] 	Attempting to stop MySQL app...
18:34:34  [mysql] 	Status change detected: stopped
18:36:12  [main] 	Deinitializing Modules
18:36:12  [main] 	Deinitializing Control Panel

13:00:37  [main] 	Initializing Control Panel
13:00:37  [main] 	Windows Version:  Home  64-bit
13:00:37  [main] 	XAMPP Version: 8.0.28
13:00:37  [main] 	Control Panel Version: 3.3.0  [ Compiled: Apr 6th 2021 ]
13:00:37  [main] 	You are not running with administrator rights! This will work for
13:00:37  [main] 	most application stuff but whenever you do something with services
13:00:37  [main] 	there will be a security dialogue or things will break! So think 
13:00:37  [main] 	about running this application with administrator rights!
13:00:37  [main] 	XAMPP Installation Directory: "d:\xampp\"
13:00:37  [main] 	Checking for prerequisites
13:00:54  [main] 	All prerequisites found
13:00:54  [main] 	Initializing Modules
13:00:54  [main] 	Starting Check-Timer
13:00:54  [main] 	Control Panel Ready
13:01:00  [Apache] 	Attempting to start Apache app...
13:01:00  [Apache] 	Status change detected: running
13:01:18  [mysql] 	Attempting to start MySQL app...
13:01:19  [mysql] 	Status change detected: running
18:30:22  [mysql] 	Attempting to stop MySQL app...
18:30:22  [mysql] 	Status change detected: stopped
18:30:26  [mysql] 	Attempting to start MySQL app...
18:30:26  [mysql] 	Status change detected: running
18:30:30  [mysql] 	Attempting to stop MySQL app...
18:30:30  [mysql] 	Status change detected: stopped
18:30:33  [Apache] 	Attempting to stop Apache (PID: 8128)
18:30:33  [Apache] 	Attempting to stop Apache (PID: 6892)
18:30:33  [Apache] 	Status change detected: stopped
18:31:40  [main] 	Deinitializing Modules
18:31:40  [main] 	Deinitializing Control Panel

09:28:33  [main] 	Initializing Control Panel
09:28:33  [main] 	Windows Version:  Home  64-bit
09:28:33  [main] 	XAMPP Version: 8.0.28
09:28:33  [main] 	Control Panel Version: 3.3.0  [ Compiled: Apr 6th 2021 ]
09:28:33  [main] 	You are not running with administrator rights! This will work for
09:28:33  [main] 	most application stuff but whenever you do something with services
09:28:33  [main] 	there will be a security dialogue or things will break! So think 
09:28:33  [main] 	about running this application with administrator rights!
09:28:33  [main] 	XAMPP Installation Directory: "d:\xampp\"
09:28:33  [main] 	Checking for prerequisites
09:28:36  [main] 	All prerequisites found
09:28:36  [main] 	Initializing Modules
09:28:36  [main] 	Starting Check-Timer
09:28:37  [main] 	Control Panel Ready
09:28:48  [Apache] 	Attempting to start Apache app...
09:28:48  [Apache] 	Status change detected: running
09:28:50  [mysql] 	Attempting to start MySQL app...
09:28:52  [mysql] 	Status change detected: running
09:28:53  [mysql] 	Status change detected: stopped
09:28:53  [mysql] 	Error: MySQL shutdown unexpectedly.
09:28:53  [mysql] 	This may be due to a blocked port, missing dependencies, 
09:28:53  [mysql] 	improper privileges, a crash, or a shutdown by another method.
09:28:53  [mysql] 	Press the Logs button to view error logs and check
09:28:53  [mysql] 	the Windows Event Viewer for more clues
09:28:53  [mysql] 	If you need more help, copy and post this
09:28:53  [mysql] 	entire log window on the forums
09:28:55  [mysql] 	Attempting to start MySQL app...
09:28:55  [mysql] 	Status change detected: running
18:32:14  [Apache] 	Attempting to stop Apache (PID: 1652)
18:32:14  [Apache] 	Attempting to stop Apache (PID: 6952)
18:32:14  [Apache] 	Status change detected: stopped
18:32:15  [mysql] 	Attempting to stop MySQL app...
18:32:15  [mysql] 	Status change detected: stopped
18:32:22  [main] 	Deinitializing Modules
18:32:22  [main] 	Deinitializing Control Panel

15:09:47  [main] 	Initializing Control Panel
15:09:47  [main] 	Windows Version:  Home  64-bit
15:09:47  [main] 	XAMPP Version: 8.0.28
15:09:47  [main] 	Control Panel Version: 3.3.0  [ Compiled: Apr 6th 2021 ]
15:09:47  [main] 	You are not running with administrator rights! This will work for
15:09:47  [main] 	most application stuff but whenever you do something with services
15:09:47  [main] 	there will be a security dialogue or things will break! So think 
15:09:47  [main] 	about running this application with administrator rights!
15:09:47  [main] 	XAMPP Installation Directory: "d:\xampp\"
15:09:47  [main] 	Checking for prerequisites
15:09:50  [main] 	All prerequisites found
15:09:50  [main] 	Initializing Modules
15:09:50  [main] 	Starting Check-Timer
15:09:50  [main] 	Control Panel Ready
15:09:56  [Apache] 	Attempting to start Apache app...
15:09:56  [Apache] 	Status change detected: running
15:10:02  [mysql] 	Attempting to start MySQL app...
15:10:04  [mysql] 	Status change detected: running
16:40:33  [Apache] 	Attempting to stop Apache (PID: 7888)
16:40:33  [Apache] 	Attempting to stop Apache (PID: 10876)
16:40:33  [Apache] 	Status change detected: stopped
16:40:33  [mysql] 	Attempting to stop MySQL app...
16:40:34  [mysql] 	Status change detected: stopped
16:40:41  [main] 	Deinitializing Modules
16:40:41  [main] 	Deinitializing Control Panel

09:45:50  [main] 	Initializing Control Panel
09:45:50  [main] 	Windows Version:  Home  64-bit
09:45:50  [main] 	XAMPP Version: 8.0.28
09:45:50  [main] 	Control Panel Version: 3.3.0  [ Compiled: Apr 6th 2021 ]
09:45:50  [main] 	You are not running with administrator rights! This will work for
09:45:50  [main] 	most application stuff but whenever you do something with services
09:45:50  [main] 	there will be a security dialogue or things will break! So think 
09:45:50  [main] 	about running this application with administrator rights!
09:45:50  [main] 	XAMPP Installation Directory: "d:\xampp\"
09:45:50  [main] 	Checking for prerequisites
09:45:53  [main] 	All prerequisites found
09:45:53  [main] 	Initializing Modules
09:45:53  [main] 	Starting Check-Timer
09:45:53  [main] 	Control Panel Ready
09:45:58  [Apache] 	Attempting to start Apache app...
09:45:59  [Apache] 	Status change detected: running
09:46:02  [mysql] 	Attempting to start MySQL app...
09:46:04  [mysql] 	Status change detected: running
09:47:14  [mysql] 	Status change detected: stopped
09:47:14  [mysql] 	Error: MySQL shutdown unexpectedly.
09:47:14  [mysql] 	This may be due to a blocked port, missing dependencies, 
09:47:14  [mysql] 	improper privileges, a crash, or a shutdown by another method.
09:47:14  [mysql] 	Press the Logs button to view error logs and check
09:47:14  [mysql] 	the Windows Event Viewer for more clues
09:47:14  [mysql] 	If you need more help, copy and post this
09:47:14  [mysql] 	entire log window on the forums
09:47:35  [mysql] 	Attempting to start MySQL app...
09:47:35  [mysql] 	Status change detected: running
10:15:55  [Apache] 	Attempting to stop Apache (PID: 11512)
10:15:55  [Apache] 	Attempting to stop Apache (PID: 10520)
10:15:56  [Apache] 	Status change detected: stopped
10:15:56  [mysql] 	Attempting to stop MySQL app...
10:15:57  [mysql] 	Status change detected: stopped
10:16:06  [main] 	Deinitializing Modules
10:16:06  [main] 	Deinitializing Control Panel

10:35:41  [main] 	Initializing Control Panel
10:35:41  [main] 	Windows Version:  Home  64-bit
10:35:41  [main] 	XAMPP Version: 8.0.28
10:35:41  [main] 	Control Panel Version: 3.3.0  [ Compiled: Apr 6th 2021 ]
10:35:41  [main] 	You are not running with administrator rights! This will work for
10:35:41  [main] 	most application stuff but whenever you do something with services
10:35:41  [main] 	there will be a security dialogue or things will break! So think 
10:35:41  [main] 	about running this application with administrator rights!
10:35:41  [main] 	XAMPP Installation Directory: "d:\xampp\"
10:35:41  [main] 	Checking for prerequisites
10:35:41  [main] 	All prerequisites found
10:35:41  [main] 	Initializing Modules
10:35:41  [Apache] 	XAMPP Apache is already running on port 80
10:35:41  [Apache] 	XAMPP Apache is already running on port 443
10:35:41  [main] 	Starting Check-Timer
10:35:41  [main] 	Control Panel Ready
10:35:48  [main] 	Executing "d:\xampp\mysql\data"
10:35:55  [mysql] 	Attempting to start MySQL app...
10:35:55  [mysql] 	Status change detected: running
10:35:56  [mysql] 	Status change detected: stopped
10:35:56  [mysql] 	Error: MySQL shutdown unexpectedly.
10:35:56  [mysql] 	This may be due to a blocked port, missing dependencies, 
10:35:56  [mysql] 	improper privileges, a crash, or a shutdown by another method.
10:35:56  [mysql] 	Press the Logs button to view error logs and check
10:35:56  [mysql] 	the Windows Event Viewer for more clues
10:35:56  [mysql] 	If you need more help, copy and post this
10:35:56  [mysql] 	entire log window on the forums
10:44:07  [mysql] 	Status change detected: running
10:44:07  [mysql] 	Status change detected: stopped
10:44:07  [mysql] 	Error: MySQL shutdown unexpectedly.
10:44:07  [mysql] 	This may be due to a blocked port, missing dependencies, 
10:44:07  [mysql] 	improper privileges, a crash, or a shutdown by another method.
10:44:07  [mysql] 	Press the Logs button to view error logs and check
10:44:07  [mysql] 	the Windows Event Viewer for more clues
10:44:07  [mysql] 	If you need more help, copy and post this
10:44:07  [mysql] 	entire log window on the forums
10:49:37  [mysql] 	Status change detected: running
10:49:38  [mysql] 	Status change detected: stopped
10:49:38  [mysql] 	Error: MySQL shutdown unexpectedly.
10:49:38  [mysql] 	This may be due to a blocked port, missing dependencies, 
10:49:38  [mysql] 	improper privileges, a crash, or a shutdown by another method.
10:49:38  [mysql] 	Press the Logs button to view error logs and check
10:49:38  [mysql] 	the Windows Event Viewer for more clues
10:49:38  [mysql] 	If you need more help, copy and post this
10:49:38  [mysql] 	entire log window on the forums
10:49:39  [mysql] 	Status change detected: running
10:49:40  [mysql] 	Status change detected: stopped
10:49:40  [mysql] 	Error: MySQL shutdown unexpectedly.
10:49:40  [mysql] 	This may be due to a blocked port, missing dependencies, 
10:49:40  [mysql] 	improper privileges, a crash, or a shutdown by another method.
10:49:40  [mysql] 	Press the Logs button to view error logs and check
10:49:40  [mysql] 	the Windows Event Viewer for more clues
10:49:40  [mysql] 	If you need more help, copy and post this
10:49:40  [mysql] 	entire log window on the forums
10:49:42  [mysql] 	Status change detected: running
10:49:42  [mysql] 	Status change detected: stopped
10:49:42  [mysql] 	Error: MySQL shutdown unexpectedly.
10:49:42  [mysql] 	This may be due to a blocked port, missing dependencies, 
10:49:42  [mysql] 	improper privileges, a crash, or a shutdown by another method.
10:49:42  [mysql] 	Press the Logs button to view error logs and check
10:49:42  [mysql] 	the Windows Event Viewer for more clues
10:49:42  [mysql] 	If you need more help, copy and post this
10:49:42  [mysql] 	entire log window on the forums
10:51:13  [Apache] 	Status change detected: stopped
10:51:13  [Apache] 	Error: Apache shutdown unexpectedly.
10:51:13  [Apache] 	This may be due to a blocked port, missing dependencies, 
10:51:13  [Apache] 	improper privileges, a crash, or a shutdown by another method.
10:51:13  [Apache] 	Press the Logs button to view error logs and check
10:51:13  [Apache] 	the Windows Event Viewer for more clues
10:51:13  [Apache] 	If you need more help, copy and post this
10:51:13  [Apache] 	entire log window on the forums
10:51:15  [mysql] 	Status change detected: running
10:51:15  [mysql] 	Status change detected: stopped
10:51:15  [mysql] 	Error: MySQL shutdown unexpectedly.
10:51:15  [mysql] 	This may be due to a blocked port, missing dependencies, 
10:51:15  [mysql] 	improper privileges, a crash, or a shutdown by another method.
10:51:15  [mysql] 	Press the Logs button to view error logs and check
10:51:15  [mysql] 	the Windows Event Viewer for more clues
10:51:15  [mysql] 	If you need more help, copy and post this
10:51:15  [mysql] 	entire log window on the forums
10:51:30  [mercury] 	Status change detected: running
10:51:40  [Tomcat] 	Status change detected: running
10:52:08  [mercury] 	Status change detected: stopped
10:52:08  [mercury] 	Error: Mercury shutdown unexpectedly.
10:52:08  [mercury] 	This may be due to a blocked port, missing dependencies, 
10:52:08  [mercury] 	improper privileges, a crash, or a shutdown by another method.
10:52:08  [mercury] 	Press the Logs button to view error logs and check
10:52:08  [mercury] 	the Windows Event Viewer for more clues
10:52:08  [mercury] 	If you need more help, copy and post this
10:52:08  [mercury] 	entire log window on the forums
10:52:11  [Tomcat] 	Status change detected: stopped
10:52:14  [Apache] 	Status change detected: running
10:52:20  [mysql] 	Status change detected: running
10:52:21  [mysql] 	Status change detected: stopped
10:52:21  [mysql] 	Error: MySQL shutdown unexpectedly.
10:52:21  [mysql] 	This may be due to a blocked port, missing dependencies, 
10:52:21  [mysql] 	improper privileges, a crash, or a shutdown by another method.
10:52:21  [mysql] 	Press the Logs button to view error logs and check
10:52:21  [mysql] 	the Windows Event Viewer for more clues
10:52:21  [mysql] 	If you need more help, copy and post this
10:52:21  [mysql] 	entire log window on the forums
10:55:48  [mysql] 	Status change detected: running
10:55:49  [mysql] 	Status change detected: stopped
10:55:49  [mysql] 	Error: MySQL shutdown unexpectedly.
10:55:49  [mysql] 	This may be due to a blocked port, missing dependencies, 
10:55:49  [mysql] 	improper privileges, a crash, or a shutdown by another method.
10:55:49  [mysql] 	Press the Logs button to view error logs and check
10:55:49  [mysql] 	the Windows Event Viewer for more clues
10:55:49  [mysql] 	If you need more help, copy and post this
10:55:49  [mysql] 	entire log window on the forums
10:56:15  [mysql] 	Status change detected: running
10:56:15  [mysql] 	Status change detected: stopped
10:56:15  [mysql] 	Error: MySQL shutdown unexpectedly.
10:56:15  [mysql] 	This may be due to a blocked port, missing dependencies, 
10:56:15  [mysql] 	improper privileges, a crash, or a shutdown by another method.
10:56:15  [mysql] 	Press the Logs button to view error logs and check
10:56:15  [mysql] 	the Windows Event Viewer for more clues
10:56:15  [mysql] 	If you need more help, copy and post this
10:56:15  [mysql] 	entire log window on the forums
10:56:49  [Apache] 	Status change detected: stopped
10:56:49  [Apache] 	Error: Apache shutdown unexpectedly.
10:56:49  [Apache] 	This may be due to a blocked port, missing dependencies, 
10:56:49  [Apache] 	improper privileges, a crash, or a shutdown by another method.
10:56:49  [Apache] 	Press the Logs button to view error logs and check
10:56:49  [Apache] 	the Windows Event Viewer for more clues
10:56:49  [Apache] 	If you need more help, copy and post this
10:56:49  [Apache] 	entire log window on the forums
10:57:04  [main] 	Deinitializing Modules
10:57:04  [main] 	Deinitializing Control Panel

11:36:45  [main] 	Initializing Control Panel
11:36:45  [main] 	Windows Version:  Home  64-bit
11:36:45  [main] 	XAMPP Version: 8.0.28
11:36:45  [main] 	Control Panel Version: 3.3.0  [ Compiled: Apr 6th 2021 ]
11:36:45  [main] 	Running with Administrator rights - good!
11:36:45  [main] 	XAMPP Installation Directory: "d:\xampp\"
11:36:45  [main] 	Checking for prerequisites
11:36:45  [main] 	All prerequisites found
11:36:45  [main] 	Initializing Modules
11:36:45  [main] 	Starting Check-Timer
11:36:45  [main] 	Control Panel Ready
11:36:50  [Apache] 	Attempting to start Apache app...
11:36:50  [Apache] 	Status change detected: running
11:36:57  [mysql] 	Attempting to start MySQL app...
11:36:57  [mysql] 	Status change detected: running
11:36:58  [mysql] 	Status change detected: stopped
11:36:58  [mysql] 	Error: MySQL shutdown unexpectedly.
11:36:58  [mysql] 	This may be due to a blocked port, missing dependencies, 
11:36:58  [mysql] 	improper privileges, a crash, or a shutdown by another method.
11:36:58  [mysql] 	Press the Logs button to view error logs and check
11:36:58  [mysql] 	the Windows Event Viewer for more clues
11:36:58  [mysql] 	If you need more help, copy and post this
11:36:58  [mysql] 	entire log window on the forums
11:37:06  [mysql] 	Attempting to start MySQL app...
11:37:07  [mysql] 	Status change detected: running
11:37:07  [mysql] 	Status change detected: stopped
11:37:07  [mysql] 	Error: MySQL shutdown unexpectedly.
11:37:07  [mysql] 	This may be due to a blocked port, missing dependencies, 
11:37:07  [mysql] 	improper privileges, a crash, or a shutdown by another method.
11:37:07  [mysql] 	Press the Logs button to view error logs and check
11:37:07  [mysql] 	the Windows Event Viewer for more clues
11:37:07  [mysql] 	If you need more help, copy and post this
11:37:07  [mysql] 	entire log window on the forums
11:38:21  [mysql] 	Status change detected: running
11:38:22  [mysql] 	Status change detected: stopped
11:38:22  [mysql] 	Error: MySQL shutdown unexpectedly.
11:38:22  [mysql] 	This may be due to a blocked port, missing dependencies, 
11:38:22  [mysql] 	improper privileges, a crash, or a shutdown by another method.
11:38:22  [mysql] 	Press the Logs button to view error logs and check
11:38:22  [mysql] 	the Windows Event Viewer for more clues
11:38:22  [mysql] 	If you need more help, copy and post this
11:38:22  [mysql] 	entire log window on the forums
11:40:08  [main] 	Deinitializing Modules
11:40:08  [main] 	Deinitializing Control Panel

